TN:
SF:D:\AllDocs\JS\WorkFolder\meantodoGIT\client\todolist\todoList.module.js
FNF:0
FNH:0
DA:3,1
LF:1
LH:1
BRF:0
BRH:0
end_of_record
TN:
SF:D:\AllDocs\JS\WorkFolder\meantodoGIT\client\todolist\todoList.factory.js
FN:5,(anonymous_1)
FN:9,(anonymous_2)
FN:13,(anonymous_3)
FN:23,(anonymous_4)
FN:27,(anonymous_5)
FNF:5
FNH:5
FNDA:5,(anonymous_1)
FNDA:5,(anonymous_2)
FNDA:1,(anonymous_3)
FNDA:1,(anonymous_4)
FNDA:1,(anonymous_5)
DA:3,1
DA:6,5
DA:7,5
DA:9,5
DA:10,5
DA:13,5
DA:15,1
DA:23,5
DA:24,1
DA:27,5
DA:28,1
DA:32,5
LF:12
LH:12
BRF:0
BRH:0
end_of_record
TN:
SF:D:\AllDocs\JS\WorkFolder\meantodoGIT\client\todolist\todoList.component.js
FN:8,todoListController
FN:29,(anonymous_2)
FN:35,(anonymous_3)
FN:58,(anonymous_4)
FN:67,(anonymous_5)
FN:74,(anonymous_6)
FN:80,(anonymous_7)
FN:85,(anonymous_8)
FN:89,(anonymous_9)
FN:93,(anonymous_10)
FN:99,(anonymous_11)
FN:101,(anonymous_12)
FN:107,(anonymous_13)
FNF:13
FNH:7
FNDA:5,todoListController
FNDA:4,(anonymous_2)
FNDA:1,(anonymous_3)
FNDA:1,(anonymous_4)
FNDA:1,(anonymous_5)
FNDA:0,(anonymous_6)
FNDA:0,(anonymous_7)
FNDA:0,(anonymous_8)
FNDA:0,(anonymous_9)
FNDA:0,(anonymous_10)
FNDA:1,(anonymous_11)
FNDA:1,(anonymous_12)
FNDA:0,(anonymous_13)
DA:3,1
DA:9,5
DA:11,5
DA:12,5
DA:13,5
DA:14,5
DA:15,5
DA:16,5
DA:17,5
DA:21,5
DA:29,5
DA:30,4
DA:35,5
DA:39,1
DA:40,0
DA:41,0
DA:43,1
DA:45,0
DA:47,1
DA:50,1
DA:52,1
DA:58,1
DA:59,1
DA:60,1
DA:61,1
DA:62,1
DA:67,5
DA:69,1
DA:70,3
DA:71,1
DA:74,1
DA:80,5
DA:81,0
DA:82,0
DA:85,5
DA:86,0
DA:89,5
DA:90,0
DA:91,0
DA:93,0
DA:99,5
DA:100,1
DA:101,1
DA:107,5
DA:108,0
DA:109,0
DA:110,0
LF:47
LH:35
BRDA:39,1,0,0
BRDA:39,1,1,1
BRDA:43,2,0,0
BRDA:43,2,1,1
BRDA:70,3,0,1
BRDA:70,3,1,2
BRF:6
BRH:4
end_of_record
TN:
SF:D:\AllDocs\JS\WorkFolder\meantodoGIT\client\todolist\todoList.component.spec.js
FN:8,(anonymous_1)
FN:13,(anonymous_2)
FN:28,(anonymous_3)
FN:34,(anonymous_4)
FN:46,(anonymous_5)
FN:73,(anonymous_6)
FN:95,(anonymous_7)
FN:111,(anonymous_8)
FNF:8
FNH:8
FNDA:1,(anonymous_1)
FNDA:5,(anonymous_2)
FNDA:1,(anonymous_3)
FNDA:1,(anonymous_4)
FNDA:1,(anonymous_5)
FNDA:1,(anonymous_6)
FNDA:1,(anonymous_7)
FNDA:5,(anonymous_8)
DA:8,1
DA:9,1
DA:11,1
DA:13,1
DA:16,5
DA:17,5
DA:18,5
DA:25,5
DA:28,1
DA:29,1
DA:34,1
DA:36,1
DA:37,1
DA:38,1
DA:46,1
DA:47,1
DA:48,1
DA:50,1
DA:51,1
DA:52,1
DA:55,1
DA:56,1
DA:60,1
DA:61,1
DA:63,1
DA:73,1
DA:75,1
DA:76,1
DA:79,1
DA:80,1
DA:81,1
DA:83,1
DA:87,1
DA:95,1
DA:96,1
DA:97,1
DA:99,1
DA:100,1
DA:102,1
DA:104,1
DA:105,1
DA:106,1
DA:107,1
DA:111,1
DA:112,5
DA:113,5
LF:46
LH:46
BRF:0
BRH:0
end_of_record
TN:
SF:D:\AllDocs\JS\WorkFolder\meantodoGIT\client\mainpage\mainPage.module.js
FNF:0
FNH:0
DA:3,1
LF:1
LH:1
BRF:0
BRH:0
end_of_record
TN:
SF:D:\AllDocs\JS\WorkFolder\meantodoGIT\client\mainpage\mainPage.factory.js
FN:5,(anonymous_1)
FN:9,(anonymous_2)
FNF:2
FNH:0
FNDA:0,(anonymous_1)
FNDA:0,(anonymous_2)
DA:3,1
DA:6,0
DA:7,0
DA:9,0
DA:10,0
DA:15,0
LF:6
LH:1
BRF:0
BRH:0
end_of_record
TN:
SF:D:\AllDocs\JS\WorkFolder\meantodoGIT\client\mainpage\mainPage.component.js
FN:7,(anonymous_1)
FN:15,(anonymous_2)
FN:29,getTime
FN:33,(anonymous_4)
FN:35,(anonymous_5)
FNF:5
FNH:0
FNDA:0,(anonymous_1)
FNDA:0,(anonymous_2)
FNDA:0,getTime
FNDA:0,(anonymous_4)
FNDA:0,(anonymous_5)
DA:3,1
DA:8,0
DA:10,0
DA:11,0
DA:15,0
DA:16,0
DA:17,0
DA:18,0
DA:20,0
DA:23,0
DA:27,0
DA:29,1
DA:30,0
DA:33,0
DA:34,0
DA:35,0
DA:36,0
DA:37,0
LF:18
LH:2
BRDA:17,1,0,0
BRDA:17,1,1,0
BRDA:36,2,0,0
BRDA:36,2,1,0
BRF:4
BRH:0
end_of_record
